# JRE version: OpenJDK Runtime Environment Temurin-21.0.8+9 (21.0.8+9) (build 21.0.8+9-LTS)
# Java VM: OpenJDK 64-Bit Server VM Temurin-21.0.8+9 (21.0.8+9-LTS, mixed mode, sharing, tiered, compressed oops, compressed class ptrs, parallel gc, windows-amd64)
GC Precious Log:
 CardTable entry size: 512
 CPUs: 8 total, 8 available
 Memory: 7879M
 Large Page Support: Disabled
 NUMA Support: Disabled
 Compressed Oops: Enabled (32-bit)
 Alignments: Space 512K, Generation 512K, Heap 2M
 Heap Min Capacity: 100M
 Heap Initial Capacity: 100M
 Heap Max Capacity: 2G
 Pre-touch: Disabled
 Parallel Workers: 8
Heap:
 PSYoungGen      total 4096K, used 1359K [0x00000000d5580000, 0x00000000d5c00000, 0x0000000100000000)
  eden space 2560K, 25% used [0x00000000d5580000,0x00000000d5622bf0,0x00000000d5800000)
  from space 1536K, 46% used [0x00000000d5980000,0x00000000d5a313a0,0x00000000d5b00000)
  to   space 1024K, 0% used [0x00000000d5b00000,0x00000000d5b00000,0x00000000d5c00000)
 ParOldGen       total 731648K, used 731190K [0x0000000080000000, 0x00000000aca80000, 0x00000000d5580000)
  object space 731648K, 99% used [0x0000000080000000,0x00000000aca0d8b8,0x00000000aca80000)
 Metaspace       used 96003K, committed 97536K, reserved 1179648K
  class space    used 9336K, committed 10048K, reserved 1048576K
GC Heap History (20 events):
Event: 18990.964 GC heap before
{Heap before GC invocations=23988 (full 15):
 PSYoungGen      total 6144K, used 6144K [0x00000000d5580000, 0x00000000d5f80000, 0x0000000100000000)
  eden space 5120K, 100% used [0x00000000d5580000,0x00000000d5a80000,0x00000000d5a80000)
  from space 1024K, 100% used [0x00000000d5a80000,0x00000000d5b80000,0x00000000d5b80000)
  to   space 2560K, 0% used [0x00000000d5d00000,0x00000000d5d00000,0x00000000d5f80000)
 ParOldGen       total 716288K, used 715964K [0x0000000080000000, 0x00000000abb80000, 0x00000000d5580000)
  object space 716288K, 99% used [0x0000000080000000,0x00000000abb2f0c0,0x00000000abb80000)
 Metaspace       used 95980K, committed 97536K, reserved 1179648K
  class space    used 9336K, committed 10048K, reserved 1048576K
}
Event: 18990.975 GC heap after
{Heap after GC invocations=23988 (full 15):
 PSYoungGen      total 5120K, used 2537K [0x00000000d5580000, 0x00000000d6480000, 0x0000000100000000)
  eden space 2560K, 0% used [0x00000000d5580000,0x00000000d5580000,0x00000000d5800000)
  from space 2560K, 99% used [0x00000000d5d00000,0x00000000d5f7a520,0x00000000d5f80000)
  to   space 5120K, 0% used [0x00000000d5800000,0x00000000d5800000,0x00000000d5d00000)
 ParOldGen       total 718336K, used 717916K [0x0000000080000000, 0x00000000abd80000, 0x00000000d5580000)
  object space 718336K, 99% used [0x0000000080000000,0x00000000abd170c0,0x00000000abd80000)
 Metaspace       used 95980K, committed 97536K, reserved 1179648K
  class space    used 9336K, committed 10048K, reserved 1048576K
}
Event: 18991.022 GC heap before
{Heap before GC invocations=23989 (full 15):
 PSYoungGen      total 5120K, used 5097K [0x00000000d5580000, 0x00000000d6480000, 0x0000000100000000)
  eden space 2560K, 100% used [0x00000000d5580000,0x00000000d5800000,0x00000000d5800000)
  from space 2560K, 99% used [0x00000000d5d00000,0x00000000d5f7a520,0x00000000d5f80000)
  to   space 5120K, 0% used [0x00000000d5800000,0x00000000d5800000,0x00000000d5d00000)
 ParOldGen       total 718336K, used 717916K [0x0000000080000000, 0x00000000abd80000, 0x00000000d5580000)
  object space 718336K, 99% used [0x0000000080000000,0x00000000abd170c0,0x00000000abd80000)
 Metaspace       used 95980K, committed 97536K, reserved 1179648K
  class space    used 9336K, committed 10048K, reserved 1048576K
}
Event: 18991.027 GC heap after
{Heap after GC invocations=23989 (full 15):
 PSYoungGen      total 4096K, used 1520K [0x00000000d5580000, 0x00000000d5e00000, 0x0000000100000000)
  eden space 2560K, 0% used [0x00000000d5580000,0x00000000d5580000,0x00000000d5800000)
  from space 1536K, 98% used [0x00000000d5800000,0x00000000d597c090,0x00000000d5980000)
  to   space 3072K, 0% used [0x00000000d5b00000,0x00000000d5b00000,0x00000000d5e00000)
 ParOldGen       total 720896K, used 720461K [0x0000000080000000, 0x00000000ac000000, 0x00000000d5580000)
  object space 720896K, 99% used [0x0000000080000000,0x00000000abf935f0,0x00000000ac000000)
 Metaspace       used 95980K, committed 97536K, reserved 1179648K
  class space    used 9336K, committed 10048K, reserved 1048576K
}
Event: 18991.058 GC heap before
{Heap before GC invocations=23990 (full 15):
 PSYoungGen      total 4096K, used 4080K [0x00000000d5580000, 0x00000000d5e00000, 0x0000000100000000)
  eden space 2560K, 100% used [0x00000000d5580000,0x00000000d5800000,0x00000000d5800000)
  from space 1536K, 98% used [0x00000000d5800000,0x00000000d597c090,0x00000000d5980000)
  to   space 3072K, 0% used [0x00000000d5b00000,0x00000000d5b00000,0x00000000d5e00000)
 ParOldGen       total 720896K, used 720461K [0x0000000080000000, 0x00000000ac000000, 0x00000000d5580000)
  object space 720896K, 99% used [0x0000000080000000,0x00000000abf935f0,0x00000000ac000000)
 Metaspace       used 95980K, committed 97536K, reserved 1179648K
  class space    used 9336K, committed 10048K, reserved 1048576K
}
Event: 18991.063 GC heap after
{Heap after GC invocations=23990 (full 15):
 PSYoungGen      total 4608K, used 2046K [0x00000000d5580000, 0x00000000d5d00000, 0x0000000100000000)
  eden space 2560K, 0% used [0x00000000d5580000,0x00000000d5580000,0x00000000d5800000)
  from space 2048K, 99% used [0x00000000d5b00000,0x00000000d5cffa00,0x00000000d5d00000)
  to   space 2560K, 0% used [0x00000000d5800000,0x00000000d5800000,0x00000000d5a80000)
 ParOldGen       total 721408K, used 721189K [0x0000000080000000, 0x00000000ac080000, 0x00000000d5580000)
  object space 721408K, 99% used [0x0000000080000000,0x00000000ac049628,0x00000000ac080000)
 Metaspace       used 95980K, committed 97536K, reserved 1179648K
  class space    used 9336K, committed 10048K, reserved 1048576K
}
Event: 18991.084 GC heap before
{Heap before GC invocations=23991 (full 15):
 PSYoungGen      total 4608K, used 4606K [0x00000000d5580000, 0x00000000d5d00000, 0x0000000100000000)
  eden space 2560K, 100% used [0x00000000d5580000,0x00000000d5800000,0x00000000d5800000)
  from space 2048K, 99% used [0x00000000d5b00000,0x00000000d5cffa00,0x00000000d5d00000)
  to   space 2560K, 0% used [0x00000000d5800000,0x00000000d5800000,0x00000000d5a80000)
 ParOldGen       total 721408K, used 721189K [0x0000000080000000, 0x00000000ac080000, 0x00000000d5580000)
  object space 721408K, 99% used [0x0000000080000000,0x00000000ac049628,0x00000000ac080000)
 Metaspace       used 95980K, committed 97536K, reserved 1179648K
  class space    used 9336K, committed 10048K, reserved 1048576K
}
Event: 18991.090 GC heap after
{Heap after GC invocations=23991 (full 15):
 PSYoungGen      total 4608K, used 1927K [0x00000000d5580000, 0x00000000d5c00000, 0x0000000100000000)
  eden space 2560K, 0% used [0x00000000d5580000,0x00000000d5580000,0x00000000d5800000)
  from space 2048K, 94% used [0x00000000d5800000,0x00000000d59e1f80,0x00000000d5a00000)
  to   space 2048K, 0% used [0x00000000d5a00000,0x00000000d5a00000,0x00000000d5c00000)
 ParOldGen       total 723456K, used 723049K [0x0000000080000000, 0x00000000ac280000, 0x00000000d5580000)
  object space 723456K, 99% used [0x0000000080000000,0x00000000ac21a638,0x00000000ac280000)
 Metaspace       used 95980K, committed 97536K, reserved 1179648K
  class space    used 9336K, committed 10048K, reserved 1048576K
}
Event: 18991.141 GC heap before
{Heap before GC invocations=23992 (full 15):
 PSYoungGen      total 4608K, used 4487K [0x00000000d5580000, 0x00000000d5c00000, 0x0000000100000000)
  eden space 2560K, 99% used [0x00000000d5580000,0x00000000d57fff90,0x00000000d5800000)
  from space 2048K, 94% used [0x00000000d5800000,0x00000000d59e1f80,0x00000000d5a00000)
  to   space 2048K, 0% used [0x00000000d5a00000,0x00000000d5a00000,0x00000000d5c00000)
 ParOldGen       total 723456K, used 723049K [0x0000000080000000, 0x00000000ac280000, 0x00000000d5580000)
  object space 723456K, 99% used [0x0000000080000000,0x00000000ac21a638,0x00000000ac280000)
 Metaspace       used 95980K, committed 97536K, reserved 1179648K
  class space    used 9336K, committed 10048K, reserved 1048576K
}
Event: 18991.147 GC heap after
{Heap after GC invocations=23992 (full 15):
 PSYoungGen      total 4608K, used 1795K [0x00000000d5580000, 0x00000000d5c00000, 0x0000000100000000)
  eden space 2560K, 0% used [0x00000000d5580000,0x00000000d5580000,0x00000000d5800000)
  from space 2048K, 87% used [0x00000000d5a00000,0x00000000d5bc0d60,0x00000000d5c00000)
  to   space 2048K, 0% used [0x00000000d5800000,0x00000000d5800000,0x00000000d5a00000)
 ParOldGen       total 724480K, used 724455K [0x0000000080000000, 0x00000000ac380000, 0x00000000d5580000)
  object space 724480K, 99% used [0x0000000080000000,0x00000000ac379db8,0x00000000ac380000)
 Metaspace       used 95980K, committed 97536K, reserved 1179648K
  class space    used 9336K, committed 10048K, reserved 1048576K
}
Event: 18991.174 GC heap before
{Heap before GC invocations=23993 (full 15):
 PSYoungGen      total 4608K, used 4355K [0x00000000d5580000, 0x00000000d5c00000, 0x0000000100000000)
  eden space 2560K, 100% used [0x00000000d5580000,0x00000000d5800000,0x00000000d5800000)
  from space 2048K, 87% used [0x00000000d5a00000,0x00000000d5bc0d60,0x00000000d5c00000)
  to   space 2048K, 0% used [0x00000000d5800000,0x00000000d5800000,0x00000000d5a00000)
 ParOldGen       total 724480K, used 724455K [0x0000000080000000, 0x00000000ac380000, 0x00000000d5580000)
  object space 724480K, 99% used [0x0000000080000000,0x00000000ac379db8,0x00000000ac380000)
 Metaspace       used 95980K, committed 97536K, reserved 1179648K
  class space    used 9336K, committed 10048K, reserved 1048576K
}
Event: 18991.181 GC heap after
{Heap after GC invocations=23993 (full 15):
 PSYoungGen      total 4608K, used 2024K [0x00000000d5580000, 0x00000000d6100000, 0x0000000100000000)
  eden space 2560K, 0% used [0x00000000d5580000,0x00000000d5580000,0x00000000d5800000)
  from space 2048K, 98% used [0x00000000d5800000,0x00000000d59fa000,0x00000000d5a00000)
  to   space 4608K, 0% used [0x00000000d5c80000,0x00000000d5c80000,0x00000000d6100000)
 ParOldGen       total 726528K, used 726418K [0x0000000080000000, 0x00000000ac580000, 0x00000000d5580000)
  object space 726528K, 99% used [0x0000000080000000,0x00000000ac564b18,0x00000000ac580000)
 Metaspace       used 95980K, committed 97536K, reserved 1179648K
  class space    used 9336K, committed 10048K, reserved 1048576K
}
Event: 18991.376 GC heap before
{Heap before GC invocations=23994 (full 15):
 PSYoungGen      total 4608K, used 4584K [0x00000000d5580000, 0x00000000d6100000, 0x0000000100000000)
  eden space 2560K, 100% used [0x00000000d5580000,0x00000000d5800000,0x00000000d5800000)
  from space 2048K, 98% used [0x00000000d5800000,0x00000000d59fa000,0x00000000d5a00000)
  to   space 4608K, 0% used [0x00000000d5c80000,0x00000000d5c80000,0x00000000d6100000)
 ParOldGen       total 726528K, used 726418K [0x0000000080000000, 0x00000000ac580000, 0x00000000d5580000)
  object space 726528K, 99% used [0x0000000080000000,0x00000000ac564b18,0x00000000ac580000)
 Metaspace       used 95992K, committed 97536K, reserved 1179648K
  class space    used 9336K, committed 10048K, reserved 1048576K
}
Event: 18991.382 GC heap after
{Heap after GC invocations=23994 (full 15):
 PSYoungGen      total 3584K, used 1021K [0x00000000d5580000, 0x00000000d5d80000, 0x0000000100000000)
  eden space 2560K, 0% used [0x00000000d5580000,0x00000000d5580000,0x00000000d5800000)
  from space 1024K, 99% used [0x00000000d5c80000,0x00000000d5d7f438,0x00000000d5d80000)
  to   space 2560K, 0% used [0x00000000d5880000,0x00000000d5880000,0x00000000d5b00000)
 ParOldGen       total 728576K, used 728282K [0x0000000080000000, 0x00000000ac780000, 0x00000000d5580000)
  object space 728576K, 99% used [0x0000000080000000,0x00000000ac736b18,0x00000000ac780000)
 Metaspace       used 95992K, committed 97536K, reserved 1179648K
  class space    used 9336K, committed 10048K, reserved 1048576K
}
Event: 18991.443 GC heap before
{Heap before GC invocations=23995 (full 15):
 PSYoungGen      total 3584K, used 3581K [0x00000000d5580000, 0x00000000d5d80000, 0x0000000100000000)
  eden space 2560K, 100% used [0x00000000d5580000,0x00000000d5800000,0x00000000d5800000)
  from space 1024K, 99% used [0x00000000d5c80000,0x00000000d5d7f438,0x00000000d5d80000)
  to   space 2560K, 0% used [0x00000000d5880000,0x00000000d5880000,0x00000000d5b00000)
 ParOldGen       total 728576K, used 728282K [0x0000000080000000, 0x00000000ac780000, 0x00000000d5580000)
  object space 728576K, 99% used [0x0000000080000000,0x00000000ac736b18,0x00000000ac780000)
 Metaspace       used 95993K, committed 97536K, reserved 1179648K
  class space    used 9336K, committed 10048K, reserved 1048576K
}
Event: 18991.447 GC heap after
{Heap after GC invocations=23995 (full 15):
 PSYoungGen      total 5120K, used 1408K [0x00000000d5580000, 0x00000000d5d00000, 0x0000000100000000)
  eden space 2560K, 0% used [0x00000000d5580000,0x00000000d5580000,0x00000000d5800000)
  from space 2560K, 55% used [0x00000000d5880000,0x00000000d59e0020,0x00000000d5b00000)
  to   space 1536K, 0% used [0x00000000d5b80000,0x00000000d5b80000,0x00000000d5d00000)
 ParOldGen       total 729600K, used 729176K [0x0000000080000000, 0x00000000ac880000, 0x00000000d5580000)
  object space 729600K, 99% used [0x0000000080000000,0x00000000ac816160,0x00000000ac880000)
 Metaspace       used 95993K, committed 97536K, reserved 1179648K
  class space    used 9336K, committed 10048K, reserved 1048576K
}
Event: 18991.475 GC heap before
{Heap before GC invocations=23996 (full 15):
 PSYoungGen      total 5120K, used 3967K [0x00000000d5580000, 0x00000000d5d00000, 0x0000000100000000)
  eden space 2560K, 99% used [0x00000000d5580000,0x00000000d57fffa0,0x00000000d5800000)
  from space 2560K, 55% used [0x00000000d5880000,0x00000000d59e0020,0x00000000d5b00000)
  to   space 1536K, 0% used [0x00000000d5b80000,0x00000000d5b80000,0x00000000d5d00000)
 ParOldGen       total 729600K, used 729176K [0x0000000080000000, 0x00000000ac880000, 0x00000000d5580000)
  object space 729600K, 99% used [0x0000000080000000,0x00000000ac816160,0x00000000ac880000)
 Metaspace       used 95993K, committed 97536K, reserved 1179648K
  class space    used 9336K, committed 10048K, reserved 1048576K
}
Event: 18991.479 GC heap after
{Heap after GC invocations=23996 (full 15):
 PSYoungGen      total 3584K, used 882K [0x00000000d5580000, 0x00000000d5c80000, 0x0000000100000000)
  eden space 2560K, 0% used [0x00000000d5580000,0x00000000d5580000,0x00000000d5800000)
  from space 1024K, 86% used [0x00000000d5b80000,0x00000000d5c5c870,0x00000000d5c80000)
  to   space 1536K, 0% used [0x00000000d5980000,0x00000000d5980000,0x00000000d5b00000)
 ParOldGen       total 730624K, used 730464K [0x0000000080000000, 0x00000000ac980000, 0x00000000d5580000)
  object space 730624K, 99% used [0x0000000080000000,0x00000000ac9581a0,0x00000000ac980000)
 Metaspace       used 95993K, committed 97536K, reserved 1179648K
  class space    used 9336K, committed 10048K, reserved 1048576K
}
Event: 18991.994 GC heap before
{Heap before GC invocations=23997 (full 15):
 PSYoungGen      total 3584K, used 3442K [0x00000000d5580000, 0x00000000d5c80000, 0x0000000100000000)
  eden space 2560K, 100% used [0x00000000d5580000,0x00000000d5800000,0x00000000d5800000)
  from space 1024K, 86% used [0x00000000d5b80000,0x00000000d5c5c870,0x00000000d5c80000)
  to   space 1536K, 0% used [0x00000000d5980000,0x00000000d5980000,0x00000000d5b00000)
 ParOldGen       total 730624K, used 730464K [0x0000000080000000, 0x00000000ac980000, 0x00000000d5580000)
  object space 730624K, 99% used [0x0000000080000000,0x00000000ac9581a0,0x00000000ac980000)
 Metaspace       used 95994K, committed 97536K, reserved 1179648K
  class space    used 9336K, committed 10048K, reserved 1048576K
}
Event: 18992.001 GC heap after
{Heap after GC invocations=23997 (full 15):
 PSYoungGen      total 4096K, used 708K [0x00000000d5580000, 0x00000000d5c00000, 0x0000000100000000)
  eden space 2560K, 0% used [0x00000000d5580000,0x00000000d5580000,0x00000000d5800000)
  from space 1536K, 46% used [0x00000000d5980000,0x00000000d5a313a0,0x00000000d5b00000)
  to   space 1024K, 0% used [0x00000000d5b00000,0x00000000d5b00000,0x00000000d5c00000)
 ParOldGen       total 731648K, used 731190K [0x0000000080000000, 0x00000000aca80000, 0x00000000d5580000)
  object space 731648K, 99% used [0x0000000080000000,0x00000000aca0d8b8,0x00000000aca80000)
 Metaspace       used 95994K, committed 97536K, reserved 1179648K
  class space    used 9336K, committed 10048K, reserved 1048576K
}

